<?xml version="1.0" encoding="UTF-8"?>
<!-- Generated by org.testng.reporters.JUnitReportReporter -->
<testsuite hostname="ATMECSINDT-080" failures="0" tests="4" name="com.atmecs.practo.testscripts.RemoveFromCart" time="71.298" errors="0" timestamp="13 Sep 2019 14:12:20 GMT" skipped="0">
  <testcase classname="com.atmecs.practo.testscripts.RemoveFromCart" name="clickOnDiagnostics" time="62.650"/>
  <testcase classname="com.atmecs.practo.testscripts.RemoveFromCart" name="validateAfterAdd" time="2.322"/>
  <testcase classname="com.atmecs.practo.testscripts.RemoveFromCart" name="cartAfterRemovalOfSample" time="6.129"/>
  <testcase classname="com.atmecs.practo.testscripts.RemoveFromCart" name="validateCartAfterRemoval" time="0.197"/>
</testsuite> <!-- com.atmecs.practo.testscripts.RemoveFromCart -->
